2025/05/24 19:24:38 [emerg] 1#1: host not found in upstream "nodejs" in /etc/nginx/conf.d/default.conf:14
2025/05/24 19:25:38 [emerg] 1#1: host not found in upstream "nodejs" in /etc/nginx/conf.d/default.conf:14
2025/05/24 19:26:38 [emerg] 1#1: host not found in upstream "nodejs" in /etc/nginx/conf.d/default.conf:14
2025/05/24 19:27:38 [emerg] 1#1: host not found in upstream "nodejs" in /etc/nginx/conf.d/default.conf:14
2025/05/24 19:28:38 [emerg] 1#1: host not found in upstream "nodejs" in /etc/nginx/conf.d/default.conf:14
2025/05/24 19:29:39 [emerg] 1#1: host not found in upstream "nodejs" in /etc/nginx/conf.d/default.conf:14
2025/05/24 19:30:39 [emerg] 1#1: host not found in upstream "nodejs" in /etc/nginx/conf.d/default.conf:14
2025/05/24 19:31:39 [emerg] 1#1: host not found in upstream "nodejs" in /etc/nginx/conf.d/default.conf:14
2025/05/24 19:32:16 [emerg] 1#1: host not found in upstream "nodejs" in /etc/nginx/conf.d/default.conf:14
2025/05/24 19:32:17 [emerg] 1#1: host not found in upstream "nodejs" in /etc/nginx/conf.d/default.conf:14
2025/05/24 19:32:17 [emerg] 1#1: host not found in upstream "nodejs" in /etc/nginx/conf.d/default.conf:14
2025/05/24 19:32:17 [emerg] 1#1: host not found in upstream "nodejs" in /etc/nginx/conf.d/default.conf:14
2025/05/24 19:32:18 [emerg] 1#1: host not found in upstream "nodejs" in /etc/nginx/conf.d/default.conf:14
2025/05/24 19:32:20 [emerg] 1#1: host not found in upstream "nodejs" in /etc/nginx/conf.d/default.conf:14
2025/05/24 19:32:23 [emerg] 1#1: host not found in upstream "nodejs" in /etc/nginx/conf.d/default.conf:14
2025/05/24 19:32:30 [emerg] 1#1: host not found in upstream "nodejs" in /etc/nginx/conf.d/default.conf:14
2025/05/24 19:35:59 [emerg] 1#1: host not found in upstream "nodejs" in /etc/nginx/conf.d/default.conf:14
2025/05/24 19:35:59 [emerg] 1#1: host not found in upstream "nodejs" in /etc/nginx/conf.d/default.conf:14
2025/05/24 19:35:59 [emerg] 1#1: host not found in upstream "nodejs" in /etc/nginx/conf.d/default.conf:14
2025/05/24 19:36:00 [emerg] 1#1: host not found in upstream "nodejs" in /etc/nginx/conf.d/default.conf:14
2025/05/24 19:36:01 [emerg] 1#1: host not found in upstream "nodejs" in /etc/nginx/conf.d/default.conf:14
2025/05/24 19:36:02 [emerg] 1#1: host not found in upstream "nodejs" in /etc/nginx/conf.d/default.conf:14
2025/05/24 19:36:06 [emerg] 1#1: host not found in upstream "nodejs" in /etc/nginx/conf.d/default.conf:14
2025/05/24 19:36:12 [emerg] 1#1: host not found in upstream "nodejs" in /etc/nginx/conf.d/default.conf:14
2025/05/24 19:36:25 [emerg] 1#1: host not found in upstream "nodejs" in /etc/nginx/conf.d/default.conf:14
2025/05/24 19:36:51 [emerg] 1#1: host not found in upstream "nodejs" in /etc/nginx/conf.d/default.conf:14
2025/05/24 19:37:42 [emerg] 1#1: host not found in upstream "nodejs" in /etc/nginx/conf.d/default.conf:14
2025/05/24 19:38:42 [emerg] 1#1: host not found in upstream "nodejs" in /etc/nginx/conf.d/default.conf:14
2025/05/24 19:39:43 [emerg] 1#1: host not found in upstream "nodejs" in /etc/nginx/conf.d/default.conf:14
2025/05/24 19:40:21 [notice] 1#1: using the "epoll" event method
2025/05/24 19:40:21 [notice] 1#1: nginx/1.27.5
2025/05/24 19:40:21 [notice] 1#1: built by gcc 14.2.0 (Alpine 14.2.0) 
2025/05/24 19:40:21 [notice] 1#1: OS: Linux 6.12.5-linuxkit
2025/05/24 19:40:21 [notice] 1#1: getrlimit(RLIMIT_NOFILE): 1048576:1048576
2025/05/24 19:40:21 [notice] 1#1: start worker processes
2025/05/24 19:40:21 [notice] 1#1: start worker process 29
2025/05/24 19:40:21 [notice] 1#1: start worker process 30
2025/05/24 19:40:21 [notice] 1#1: start worker process 31
2025/05/24 19:40:21 [notice] 1#1: start worker process 32
2025/05/24 19:40:21 [notice] 1#1: start worker process 33
2025/05/24 19:40:21 [notice] 1#1: start worker process 34
2025/05/24 19:40:21 [notice] 1#1: start worker process 35
2025/05/24 19:40:21 [notice] 1#1: start worker process 36
2025/05/24 19:40:33 [error] 30#30: *2 connect() failed (111: Connection refused) while connecting to upstream, client: 192.168.65.1, server: localhost, request: "GET /api/todos HTTP/1.1", upstream: "http://172.18.0.3:3000/api/todos", host: "localhost", referrer: "http://localhost/"
2025/05/24 19:40:36 [error] 30#30: *2 connect() failed (111: Connection refused) while connecting to upstream, client: 192.168.65.1, server: localhost, request: "POST /api/todos HTTP/1.1", upstream: "http://172.18.0.3:3000/api/todos", host: "localhost", referrer: "http://localhost/"
2025/05/24 19:42:30 [error] 32#32: *6 connect() failed (111: Connection refused) while connecting to upstream, client: 192.168.65.1, server: localhost, request: "POST /api/todos HTTP/1.1", upstream: "http://172.18.0.3:3000/api/todos", host: "localhost", referrer: "http://localhost/"
2025/05/24 19:50:28 [notice] 1#1: signal 3 (SIGQUIT) received, shutting down
2025/05/24 19:50:28 [notice] 30#30: gracefully shutting down
2025/05/24 19:50:28 [notice] 32#32: gracefully shutting down
2025/05/24 19:50:28 [notice] 31#31: gracefully shutting down
2025/05/24 19:50:28 [notice] 33#33: gracefully shutting down
2025/05/24 19:50:28 [notice] 31#31: exiting
2025/05/24 19:50:28 [notice] 29#29: gracefully shutting down
2025/05/24 19:50:28 [notice] 36#36: gracefully shutting down
2025/05/24 19:50:28 [notice] 34#34: gracefully shutting down
2025/05/24 19:50:28 [notice] 35#35: gracefully shutting down
2025/05/24 19:50:28 [notice] 30#30: exiting
2025/05/24 19:50:28 [notice] 32#32: exiting
2025/05/24 19:50:28 [notice] 33#33: exiting
2025/05/24 19:50:28 [notice] 29#29: exiting
2025/05/24 19:50:28 [notice] 31#31: exit
2025/05/24 19:50:28 [notice] 36#36: exiting
2025/05/24 19:50:28 [notice] 34#34: exiting
2025/05/24 19:50:28 [notice] 36#36: exit
2025/05/24 19:50:28 [notice] 35#35: exiting
2025/05/24 19:50:28 [notice] 30#30: exit
2025/05/24 19:50:28 [notice] 32#32: exit
2025/05/24 19:50:28 [notice] 35#35: exit
2025/05/24 19:50:28 [notice] 33#33: exit
2025/05/24 19:50:28 [notice] 29#29: exit
2025/05/24 19:50:28 [notice] 34#34: exit
2025/05/24 19:50:28 [notice] 1#1: signal 17 (SIGCHLD) received from 32
2025/05/24 19:50:28 [notice] 1#1: worker process 29 exited with code 0
2025/05/24 19:50:28 [notice] 1#1: worker process 32 exited with code 0
2025/05/24 19:50:28 [notice] 1#1: signal 29 (SIGIO) received
2025/05/24 19:50:28 [notice] 1#1: signal 17 (SIGCHLD) received from 35
2025/05/24 19:50:28 [notice] 1#1: worker process 34 exited with code 0
2025/05/24 19:50:28 [notice] 1#1: worker process 30 exited with code 0
2025/05/24 19:50:28 [notice] 1#1: worker process 35 exited with code 0
2025/05/24 19:50:28 [notice] 1#1: worker process 36 exited with code 0
2025/05/24 19:50:28 [notice] 1#1: signal 29 (SIGIO) received
2025/05/24 19:50:28 [notice] 1#1: signal 17 (SIGCHLD) received from 34
2025/05/24 19:50:28 [notice] 1#1: signal 17 (SIGCHLD) received from 33
2025/05/24 19:50:28 [notice] 1#1: worker process 31 exited with code 0
2025/05/24 19:50:28 [notice] 1#1: worker process 33 exited with code 0
2025/05/24 19:50:28 [notice] 1#1: exit
2025/05/24 19:50:45 [notice] 1#1: using the "epoll" event method
2025/05/24 19:50:45 [notice] 1#1: nginx/1.27.5
2025/05/24 19:50:45 [notice] 1#1: built by gcc 14.2.0 (Alpine 14.2.0) 
2025/05/24 19:50:45 [notice] 1#1: OS: Linux 6.12.5-linuxkit
2025/05/24 19:50:45 [notice] 1#1: getrlimit(RLIMIT_NOFILE): 1048576:1048576
2025/05/24 19:50:45 [notice] 1#1: start worker processes
2025/05/24 19:50:45 [notice] 1#1: start worker process 28
2025/05/24 19:50:45 [notice] 1#1: start worker process 29
2025/05/24 19:50:45 [notice] 1#1: start worker process 30
2025/05/24 19:50:45 [notice] 1#1: start worker process 31
2025/05/24 19:50:45 [notice] 1#1: start worker process 32
2025/05/24 19:50:45 [notice] 1#1: start worker process 33
2025/05/24 19:50:45 [notice] 1#1: start worker process 34
2025/05/24 19:50:45 [notice] 1#1: start worker process 35
2025/05/24 19:51:43 [notice] 1#1: signal 3 (SIGQUIT) received, shutting down
2025/05/24 19:51:43 [notice] 29#29: gracefully shutting down
2025/05/24 19:51:43 [notice] 30#30: gracefully shutting down
2025/05/24 19:51:43 [notice] 28#28: gracefully shutting down
2025/05/24 19:51:43 [notice] 31#31: gracefully shutting down
2025/05/24 19:51:43 [notice] 28#28: exiting
2025/05/24 19:51:43 [notice] 33#33: gracefully shutting down
2025/05/24 19:51:43 [notice] 35#35: gracefully shutting down
2025/05/24 19:51:43 [notice] 32#32: gracefully shutting down
2025/05/24 19:51:43 [notice] 34#34: gracefully shutting down
2025/05/24 19:51:43 [notice] 29#29: exiting
2025/05/24 19:51:43 [notice] 34#34: exiting
2025/05/24 19:51:43 [notice] 30#30: exiting
2025/05/24 19:51:43 [notice] 31#31: exiting
2025/05/24 19:51:43 [notice] 30#30: exit
2025/05/24 19:51:43 [notice] 28#28: exit
2025/05/24 19:51:43 [notice] 33#33: exiting
2025/05/24 19:51:43 [notice] 35#35: exiting
2025/05/24 19:51:43 [notice] 32#32: exiting
2025/05/24 19:51:43 [notice] 29#29: exit
2025/05/24 19:51:43 [notice] 34#34: exit
2025/05/24 19:51:43 [notice] 31#31: exit
2025/05/24 19:51:43 [notice] 33#33: exit
2025/05/24 19:51:43 [notice] 35#35: exit
2025/05/24 19:51:43 [notice] 32#32: exit
2025/05/24 19:51:43 [notice] 1#1: signal 17 (SIGCHLD) received from 30
2025/05/24 19:51:43 [notice] 1#1: worker process 29 exited with code 0
2025/05/24 19:51:43 [notice] 1#1: worker process 30 exited with code 0
2025/05/24 19:51:43 [notice] 1#1: worker process 34 exited with code 0
2025/05/24 19:51:43 [notice] 1#1: signal 29 (SIGIO) received
2025/05/24 19:51:43 [notice] 1#1: signal 17 (SIGCHLD) received from 32
2025/05/24 19:51:43 [notice] 1#1: worker process 32 exited with code 0
2025/05/24 19:51:43 [notice] 1#1: signal 29 (SIGIO) received
2025/05/24 19:51:43 [notice] 1#1: signal 17 (SIGCHLD) received from 33
2025/05/24 19:51:43 [notice] 1#1: worker process 33 exited with code 0
2025/05/24 19:51:43 [notice] 1#1: signal 29 (SIGIO) received
2025/05/24 19:51:43 [notice] 1#1: signal 17 (SIGCHLD) received from 31
2025/05/24 19:51:43 [notice] 1#1: worker process 28 exited with code 0
2025/05/24 19:51:43 [notice] 1#1: worker process 31 exited with code 0
2025/05/24 19:51:43 [notice] 1#1: worker process 35 exited with code 0
2025/05/24 19:51:43 [notice] 1#1: exit
2025/05/24 19:51:59 [notice] 1#1: using the "epoll" event method
2025/05/24 19:51:59 [notice] 1#1: nginx/1.27.5
2025/05/24 19:51:59 [notice] 1#1: built by gcc 14.2.0 (Alpine 14.2.0) 
2025/05/24 19:51:59 [notice] 1#1: OS: Linux 6.12.5-linuxkit
2025/05/24 19:51:59 [notice] 1#1: getrlimit(RLIMIT_NOFILE): 1048576:1048576
2025/05/24 19:51:59 [notice] 1#1: start worker processes
2025/05/24 19:51:59 [notice] 1#1: start worker process 28
2025/05/24 19:51:59 [notice] 1#1: start worker process 29
2025/05/24 19:51:59 [notice] 1#1: start worker process 30
2025/05/24 19:51:59 [notice] 1#1: start worker process 31
2025/05/24 19:51:59 [notice] 1#1: start worker process 32
2025/05/24 19:51:59 [notice] 1#1: start worker process 33
2025/05/24 19:51:59 [notice] 1#1: start worker process 34
2025/05/24 19:51:59 [notice] 1#1: start worker process 35
2025/05/24 19:51:59 [error] 29#29: *2 connect() failed (111: Connection refused) while connecting to upstream, client: 192.168.65.1, server: localhost, request: "GET /api/todos HTTP/1.1", upstream: "http://172.18.0.3:3001/api/todos", host: "localhost", referrer: "http://localhost/"
2025/05/24 20:33:23 [notice] 1#1: signal 3 (SIGQUIT) received, shutting down
2025/05/24 20:33:23 [notice] 28#28: gracefully shutting down
2025/05/24 20:33:23 [notice] 29#29: gracefully shutting down
2025/05/24 20:33:23 [notice] 28#28: exiting
2025/05/24 20:33:23 [notice] 33#33: gracefully shutting down
2025/05/24 20:33:23 [notice] 29#29: exiting
2025/05/24 20:33:23 [notice] 30#30: gracefully shutting down
2025/05/24 20:33:23 [notice] 32#32: gracefully shutting down
2025/05/24 20:33:23 [notice] 28#28: exit
2025/05/24 20:33:23 [notice] 35#35: gracefully shutting down
2025/05/24 20:33:23 [notice] 34#34: gracefully shutting down
2025/05/24 20:33:23 [notice] 31#31: gracefully shutting down
2025/05/24 20:33:23 [notice] 33#33: exiting
2025/05/24 20:33:23 [notice] 29#29: exit
2025/05/24 20:33:23 [notice] 30#30: exiting
2025/05/24 20:33:23 [notice] 33#33: exit
2025/05/24 20:33:23 [notice] 32#32: exiting
2025/05/24 20:33:23 [notice] 35#35: exiting
2025/05/24 20:33:23 [notice] 34#34: exiting
2025/05/24 20:33:23 [notice] 31#31: exiting
2025/05/24 20:33:23 [notice] 30#30: exit
2025/05/24 20:33:23 [notice] 32#32: exit
2025/05/24 20:33:23 [notice] 31#31: exit
2025/05/24 20:33:23 [notice] 35#35: exit
2025/05/24 20:33:23 [notice] 34#34: exit
2025/05/24 20:33:23 [notice] 1#1: signal 17 (SIGCHLD) received from 29
2025/05/24 20:33:23 [notice] 1#1: worker process 28 exited with code 0
2025/05/24 20:33:23 [notice] 1#1: worker process 29 exited with code 0
2025/05/24 20:33:23 [notice] 1#1: worker process 31 exited with code 0
2025/05/24 20:33:23 [notice] 1#1: signal 29 (SIGIO) received
2025/05/24 20:33:23 [notice] 1#1: signal 17 (SIGCHLD) received from 33
2025/05/24 20:33:23 [notice] 1#1: worker process 30 exited with code 0
2025/05/24 20:33:23 [notice] 1#1: worker process 33 exited with code 0
2025/05/24 20:33:23 [notice] 1#1: signal 29 (SIGIO) received
2025/05/24 20:33:23 [notice] 1#1: signal 17 (SIGCHLD) received from 34
2025/05/24 20:33:23 [notice] 1#1: worker process 34 exited with code 0
2025/05/24 20:33:23 [notice] 1#1: signal 29 (SIGIO) received
2025/05/24 20:33:23 [notice] 1#1: signal 17 (SIGCHLD) received from 35
2025/05/24 20:33:23 [notice] 1#1: worker process 32 exited with code 0
2025/05/24 20:33:23 [notice] 1#1: worker process 35 exited with code 0
2025/05/24 20:33:23 [notice] 1#1: exit
2025/05/29 20:08:05 [notice] 1#1: using the "epoll" event method
2025/05/29 20:08:05 [notice] 1#1: nginx/1.27.5
2025/05/29 20:08:05 [notice] 1#1: built by gcc 14.2.0 (Alpine 14.2.0) 
2025/05/29 20:08:05 [notice] 1#1: OS: Linux 6.12.5-linuxkit
2025/05/29 20:08:05 [notice] 1#1: getrlimit(RLIMIT_NOFILE): 1048576:1048576
2025/05/29 20:08:05 [notice] 1#1: start worker processes
2025/05/29 20:08:05 [notice] 1#1: start worker process 29
2025/05/29 20:08:05 [notice] 1#1: start worker process 30
2025/05/29 20:08:05 [notice] 1#1: start worker process 31
2025/05/29 20:08:05 [notice] 1#1: start worker process 32
2025/05/29 20:08:05 [notice] 1#1: start worker process 33
2025/05/29 20:08:05 [notice] 1#1: start worker process 34
2025/05/29 20:08:05 [notice] 1#1: start worker process 35
2025/05/29 20:08:05 [notice] 1#1: start worker process 36
2025/05/30 07:01:23 [notice] 1#1: signal 3 (SIGQUIT) received, shutting down
2025/05/30 07:01:23 [notice] 31#31: gracefully shutting down
2025/05/30 07:01:23 [notice] 30#30: gracefully shutting down
2025/05/30 07:01:23 [notice] 32#32: gracefully shutting down
2025/05/30 07:01:23 [notice] 35#35: gracefully shutting down
2025/05/30 07:01:23 [notice] 33#33: gracefully shutting down
2025/05/30 07:01:23 [notice] 34#34: gracefully shutting down
2025/05/30 07:01:23 [notice] 29#29: gracefully shutting down
2025/05/30 07:01:23 [notice] 36#36: gracefully shutting down
2025/05/30 07:01:23 [notice] 31#31: exiting
2025/05/30 07:01:23 [notice] 29#29: exiting
2025/05/30 07:01:23 [notice] 30#30: exiting
2025/05/30 07:01:23 [notice] 32#32: exiting
2025/05/30 07:01:23 [notice] 31#31: exit
2025/05/30 07:01:23 [notice] 35#35: exiting
2025/05/30 07:01:23 [notice] 33#33: exiting
2025/05/30 07:01:23 [notice] 34#34: exiting
2025/05/30 07:01:23 [notice] 33#33: exit
2025/05/30 07:01:23 [notice] 36#36: exiting
2025/05/30 07:01:23 [notice] 30#30: exit
2025/05/30 07:01:23 [notice] 29#29: exit
2025/05/30 07:01:23 [notice] 32#32: exit
2025/05/30 07:01:23 [notice] 35#35: exit
2025/05/30 07:01:23 [notice] 34#34: exit
2025/05/30 07:01:23 [notice] 36#36: exit
2025/05/30 07:01:23 [notice] 1#1: signal 17 (SIGCHLD) received from 30
2025/05/30 07:01:23 [notice] 1#1: worker process 30 exited with code 0
2025/05/30 07:01:23 [notice] 1#1: signal 29 (SIGIO) received
2025/05/30 07:01:23 [notice] 1#1: signal 17 (SIGCHLD) received from 29
2025/05/30 07:01:23 [notice] 1#1: worker process 29 exited with code 0
2025/05/30 07:01:23 [notice] 1#1: worker process 32 exited with code 0
2025/05/30 07:01:23 [notice] 1#1: worker process 34 exited with code 0
2025/05/30 07:01:23 [notice] 1#1: signal 29 (SIGIO) received
2025/05/30 07:01:23 [notice] 1#1: signal 17 (SIGCHLD) received from 34
2025/05/30 07:01:23 [notice] 1#1: signal 17 (SIGCHLD) received from 36
2025/05/30 07:01:23 [notice] 1#1: worker process 35 exited with code 0
2025/05/30 07:01:23 [notice] 1#1: worker process 36 exited with code 0
2025/05/30 07:01:23 [notice] 1#1: signal 29 (SIGIO) received
2025/05/30 07:01:23 [notice] 1#1: signal 17 (SIGCHLD) received from 33
2025/05/30 07:01:23 [notice] 1#1: worker process 31 exited with code 0
2025/05/30 07:01:23 [notice] 1#1: worker process 33 exited with code 0
2025/05/30 07:01:23 [notice] 1#1: exit
2025/05/30 07:01:40 [notice] 1#1: using the "epoll" event method
2025/05/30 07:01:40 [notice] 1#1: nginx/1.27.5
2025/05/30 07:01:40 [notice] 1#1: built by gcc 14.2.0 (Alpine 14.2.0) 
2025/05/30 07:01:40 [notice] 1#1: OS: Linux 6.12.5-linuxkit
2025/05/30 07:01:40 [notice] 1#1: getrlimit(RLIMIT_NOFILE): 1048576:1048576
2025/05/30 07:01:40 [notice] 1#1: start worker processes
2025/05/30 07:01:40 [notice] 1#1: start worker process 29
2025/05/30 07:01:40 [notice] 1#1: start worker process 30
2025/05/30 07:01:40 [notice] 1#1: start worker process 31
2025/05/30 07:01:40 [notice] 1#1: start worker process 32
2025/05/30 07:01:40 [notice] 1#1: start worker process 33
2025/05/30 07:01:40 [notice] 1#1: start worker process 34
2025/05/30 07:01:40 [notice] 1#1: start worker process 35
2025/05/30 07:01:40 [notice] 1#1: start worker process 36
2025/06/22 06:41:23 [notice] 1#1: using the "epoll" event method
2025/06/22 06:41:23 [notice] 1#1: nginx/1.27.5
2025/06/22 06:41:23 [notice] 1#1: built by gcc 14.2.0 (Alpine 14.2.0) 
2025/06/22 06:41:23 [notice] 1#1: OS: Linux 6.6.87.1-microsoft-standard-WSL2
2025/06/22 06:41:23 [notice] 1#1: getrlimit(RLIMIT_NOFILE): 1048576:1048576
2025/06/22 06:41:23 [notice] 1#1: start worker processes
2025/06/22 06:41:23 [notice] 1#1: start worker process 29
2025/06/22 06:41:23 [notice] 1#1: start worker process 30
2025/06/22 06:41:23 [notice] 1#1: start worker process 31
2025/06/22 06:41:23 [notice] 1#1: start worker process 32
2025/06/22 06:41:23 [notice] 1#1: start worker process 33
2025/06/22 06:41:23 [notice] 1#1: start worker process 34
2025/06/22 06:41:23 [notice] 1#1: start worker process 35
2025/06/22 06:41:23 [notice] 1#1: start worker process 36
2025/06/22 06:41:23 [notice] 1#1: start worker process 37
2025/06/22 06:41:23 [notice] 1#1: start worker process 38
2025/06/22 06:41:23 [notice] 1#1: start worker process 39
2025/06/22 06:41:23 [notice] 1#1: start worker process 40
2025/06/22 06:41:23 [notice] 1#1: start worker process 41
2025/06/22 06:41:23 [notice] 1#1: start worker process 42
2025/06/22 06:41:23 [notice] 1#1: start worker process 43
2025/06/22 06:41:23 [notice] 1#1: start worker process 44
2025/06/22 06:44:36 [notice] 1#1: signal 3 (SIGQUIT) received, shutting down
2025/06/22 06:44:36 [notice] 29#29: gracefully shutting down
2025/06/22 06:44:36 [notice] 42#42: gracefully shutting down
2025/06/22 06:44:36 [notice] 30#30: gracefully shutting down
2025/06/22 06:44:36 [notice] 32#32: gracefully shutting down
2025/06/22 06:44:36 [notice] 33#33: gracefully shutting down
2025/06/22 06:44:36 [notice] 34#34: gracefully shutting down
2025/06/22 06:44:36 [notice] 31#31: gracefully shutting down
2025/06/22 06:44:36 [notice] 36#36: gracefully shutting down
2025/06/22 06:44:36 [notice] 35#35: gracefully shutting down
2025/06/22 06:44:36 [notice] 35#35: exiting
2025/06/22 06:44:36 [notice] 37#37: gracefully shutting down
2025/06/22 06:44:36 [notice] 38#38: gracefully shutting down
2025/06/22 06:44:36 [notice] 39#39: gracefully shutting down
2025/06/22 06:44:36 [notice] 40#40: gracefully shutting down
2025/06/22 06:44:36 [notice] 41#41: gracefully shutting down
2025/06/22 06:44:36 [notice] 43#43: gracefully shutting down
2025/06/22 06:44:36 [notice] 44#44: gracefully shutting down
2025/06/22 06:44:36 [notice] 29#29: exiting
2025/06/22 06:44:36 [notice] 42#42: exiting
2025/06/22 06:44:36 [notice] 29#29: exit
2025/06/22 06:44:36 [notice] 30#30: exiting
2025/06/22 06:44:36 [notice] 32#32: exiting
2025/06/22 06:44:36 [notice] 33#33: exiting
2025/06/22 06:44:36 [notice] 34#34: exiting
2025/06/22 06:44:36 [notice] 31#31: exiting
2025/06/22 06:44:36 [notice] 34#34: exit
2025/06/22 06:44:36 [notice] 36#36: exiting
2025/06/22 06:44:36 [notice] 35#35: exit
2025/06/22 06:44:36 [notice] 37#37: exiting
2025/06/22 06:44:36 [notice] 38#38: exiting
2025/06/22 06:44:36 [notice] 39#39: exiting
2025/06/22 06:44:36 [notice] 40#40: exiting
2025/06/22 06:44:36 [notice] 41#41: exiting
2025/06/22 06:44:36 [notice] 43#43: exiting
2025/06/22 06:44:36 [notice] 44#44: exiting
2025/06/22 06:44:36 [notice] 42#42: exit
2025/06/22 06:44:36 [notice] 30#30: exit
2025/06/22 06:44:36 [notice] 32#32: exit
2025/06/22 06:44:36 [notice] 33#33: exit
2025/06/22 06:44:36 [notice] 31#31: exit
2025/06/22 06:44:36 [notice] 36#36: exit
2025/06/22 06:44:36 [notice] 37#37: exit
2025/06/22 06:44:36 [notice] 38#38: exit
2025/06/22 06:44:36 [notice] 39#39: exit
2025/06/22 06:44:36 [notice] 40#40: exit
2025/06/22 06:44:36 [notice] 41#41: exit
2025/06/22 06:44:36 [notice] 43#43: exit
2025/06/22 06:44:36 [notice] 44#44: exit
2025/06/22 06:44:36 [notice] 1#1: signal 17 (SIGCHLD) received from 41
2025/06/22 06:44:36 [notice] 1#1: worker process 30 exited with code 0
2025/06/22 06:44:36 [notice] 1#1: worker process 32 exited with code 0
2025/06/22 06:44:36 [notice] 1#1: worker process 33 exited with code 0
2025/06/22 06:44:36 [notice] 1#1: worker process 34 exited with code 0
2025/06/22 06:44:36 [notice] 1#1: worker process 37 exited with code 0
2025/06/22 06:44:36 [notice] 1#1: worker process 39 exited with code 0
2025/06/22 06:44:36 [notice] 1#1: worker process 41 exited with code 0
2025/06/22 06:44:36 [notice] 1#1: worker process 43 exited with code 0
2025/06/22 06:44:36 [notice] 1#1: signal 29 (SIGIO) received
2025/06/22 06:44:36 [notice] 1#1: signal 17 (SIGCHLD) received from 37
2025/06/22 06:44:36 [notice] 1#1: signal 17 (SIGCHLD) received from 36
2025/06/22 06:44:36 [notice] 1#1: worker process 29 exited with code 0
2025/06/22 06:44:36 [notice] 1#1: worker process 31 exited with code 0
2025/06/22 06:44:36 [notice] 1#1: worker process 35 exited with code 0
2025/06/22 06:44:36 [notice] 1#1: worker process 36 exited with code 0
2025/06/22 06:44:36 [notice] 1#1: worker process 40 exited with code 0
2025/06/22 06:44:36 [notice] 1#1: worker process 42 exited with code 0
2025/06/22 06:44:36 [notice] 1#1: worker process 44 exited with code 0
2025/06/22 06:44:36 [notice] 1#1: signal 29 (SIGIO) received
2025/06/22 06:44:36 [notice] 1#1: signal 17 (SIGCHLD) received from 44
2025/06/22 06:44:36 [notice] 1#1: signal 17 (SIGCHLD) received from 38
2025/06/22 06:44:36 [notice] 1#1: worker process 38 exited with code 0
2025/06/22 06:44:36 [notice] 1#1: exit
2025/06/22 06:45:40 [notice] 1#1: using the "epoll" event method
2025/06/22 06:45:40 [notice] 1#1: nginx/1.27.5
2025/06/22 06:45:40 [notice] 1#1: built by gcc 14.2.0 (Alpine 14.2.0) 
2025/06/22 06:45:40 [notice] 1#1: OS: Linux 6.6.87.1-microsoft-standard-WSL2
2025/06/22 06:45:40 [notice] 1#1: getrlimit(RLIMIT_NOFILE): 1048576:1048576
2025/06/22 06:45:40 [notice] 1#1: start worker processes
2025/06/22 06:45:40 [notice] 1#1: start worker process 29
2025/06/22 06:45:40 [notice] 1#1: start worker process 30
2025/06/22 06:45:40 [notice] 1#1: start worker process 31
2025/06/22 06:45:40 [notice] 1#1: start worker process 32
2025/06/22 06:45:40 [notice] 1#1: start worker process 33
2025/06/22 06:45:40 [notice] 1#1: start worker process 34
2025/06/22 06:45:40 [notice] 1#1: start worker process 35
2025/06/22 06:45:40 [notice] 1#1: start worker process 36
2025/06/22 06:45:40 [notice] 1#1: start worker process 37
2025/06/22 06:45:40 [notice] 1#1: start worker process 38
2025/06/22 06:45:40 [notice] 1#1: start worker process 39
2025/06/22 06:45:40 [notice] 1#1: start worker process 40
2025/06/22 06:45:40 [notice] 1#1: start worker process 41
2025/06/22 06:45:40 [notice] 1#1: start worker process 42
2025/06/22 06:45:40 [notice] 1#1: start worker process 43
2025/06/22 06:45:40 [notice] 1#1: start worker process 44
2025/06/22 06:46:08 [error] 29#29: *1 connect() failed (111: Connection refused) while connecting to upstream, client: 172.20.0.1, server: localhost, request: "GET /api/todos HTTP/1.1", upstream: "http://172.20.0.3:3001/api/todos", host: "localhost:81", referrer: "http://localhost:81/"
2025/06/22 06:46:22 [error] 29#29: *1 connect() failed (111: Connection refused) while connecting to upstream, client: 172.20.0.1, server: localhost, request: "POST /api/todos HTTP/1.1", upstream: "http://172.20.0.3:3001/api/todos", host: "localhost:81", referrer: "http://localhost:81/"
2025/06/22 06:52:18 [error] 32#32: *6 connect() failed (111: Connection refused) while connecting to upstream, client: 172.20.0.1, server: localhost, request: "GET /api/todos HTTP/1.1", upstream: "http://172.20.0.3:3001/api/todos", host: "localhost:81", referrer: "http://localhost:81/"
2025/06/22 06:52:23 [error] 32#32: *6 connect() failed (111: Connection refused) while connecting to upstream, client: 172.20.0.1, server: localhost, request: "POST /api/todos HTTP/1.1", upstream: "http://172.20.0.3:3001/api/todos", host: "localhost:81", referrer: "http://localhost:81/"
2025/06/22 07:11:04 [notice] 1#1: signal 3 (SIGQUIT) received, shutting down
2025/06/22 07:11:04 [notice] 29#29: gracefully shutting down
2025/06/22 07:11:04 [notice] 37#37: gracefully shutting down
2025/06/22 07:11:04 [notice] 32#32: gracefully shutting down
2025/06/22 07:11:04 [notice] 30#30: gracefully shutting down
2025/06/22 07:11:04 [notice] 31#31: gracefully shutting down
2025/06/22 07:11:04 [notice] 34#34: gracefully shutting down
2025/06/22 07:11:04 [notice] 33#33: gracefully shutting down
2025/06/22 07:11:04 [notice] 35#35: gracefully shutting down
2025/06/22 07:11:04 [notice] 36#36: gracefully shutting down
2025/06/22 07:11:04 [notice] 38#38: gracefully shutting down
2025/06/22 07:11:04 [notice] 29#29: exiting
2025/06/22 07:11:04 [notice] 39#39: gracefully shutting down
2025/06/22 07:11:04 [notice] 40#40: gracefully shutting down
2025/06/22 07:11:04 [notice] 42#42: gracefully shutting down
2025/06/22 07:11:04 [notice] 41#41: gracefully shutting down
2025/06/22 07:11:04 [notice] 43#43: gracefully shutting down
2025/06/22 07:11:04 [notice] 44#44: gracefully shutting down
2025/06/22 07:11:04 [notice] 37#37: exiting
2025/06/22 07:11:04 [notice] 32#32: exiting
2025/06/22 07:11:04 [notice] 30#30: exiting
2025/06/22 07:11:04 [notice] 31#31: exiting
2025/06/22 07:11:04 [notice] 34#34: exiting
2025/06/22 07:11:04 [notice] 33#33: exiting
2025/06/22 07:11:04 [notice] 35#35: exiting
2025/06/22 07:11:04 [notice] 33#33: exit
2025/06/22 07:11:04 [notice] 36#36: exiting
2025/06/22 07:11:04 [notice] 38#38: exiting
2025/06/22 07:11:04 [notice] 36#36: exit
2025/06/22 07:11:04 [notice] 29#29: exit
2025/06/22 07:11:04 [notice] 39#39: exiting
2025/06/22 07:11:04 [notice] 40#40: exiting
2025/06/22 07:11:04 [notice] 39#39: exit
2025/06/22 07:11:04 [notice] 42#42: exiting
2025/06/22 07:11:04 [notice] 41#41: exiting
2025/06/22 07:11:04 [notice] 43#43: exiting
2025/06/22 07:11:04 [notice] 41#41: exit
2025/06/22 07:11:04 [notice] 44#44: exiting
2025/06/22 07:11:04 [notice] 37#37: exit
2025/06/22 07:11:04 [notice] 32#32: exit
2025/06/22 07:11:04 [notice] 30#30: exit
2025/06/22 07:11:04 [notice] 31#31: exit
2025/06/22 07:11:04 [notice] 34#34: exit
2025/06/22 07:11:04 [notice] 35#35: exit
2025/06/22 07:11:04 [notice] 38#38: exit
2025/06/22 07:11:04 [notice] 40#40: exit
2025/06/22 07:11:04 [notice] 42#42: exit
2025/06/22 07:11:04 [notice] 43#43: exit
2025/06/22 07:11:04 [notice] 44#44: exit
2025/06/22 07:11:04 [notice] 1#1: signal 17 (SIGCHLD) received from 37
2025/06/22 07:11:04 [notice] 1#1: worker process 33 exited with code 0
2025/06/22 07:11:04 [notice] 1#1: worker process 37 exited with code 0
2025/06/22 07:11:04 [notice] 1#1: worker process 42 exited with code 0
2025/06/22 07:11:04 [notice] 1#1: signal 29 (SIGIO) received
2025/06/22 07:11:04 [notice] 1#1: signal 17 (SIGCHLD) received from 29
2025/06/22 07:11:04 [notice] 1#1: worker process 29 exited with code 0
2025/06/22 07:11:04 [notice] 1#1: worker process 32 exited with code 0
2025/06/22 07:11:04 [notice] 1#1: worker process 35 exited with code 0
2025/06/22 07:11:04 [notice] 1#1: worker process 36 exited with code 0
2025/06/22 07:11:04 [notice] 1#1: worker process 39 exited with code 0
2025/06/22 07:11:04 [notice] 1#1: worker process 43 exited with code 0
2025/06/22 07:11:04 [notice] 1#1: signal 29 (SIGIO) received
2025/06/22 07:11:04 [notice] 1#1: signal 17 (SIGCHLD) received from 39
2025/06/22 07:11:04 [notice] 1#1: signal 17 (SIGCHLD) received from 41
2025/06/22 07:11:04 [notice] 1#1: worker process 41 exited with code 0
2025/06/22 07:11:04 [notice] 1#1: signal 29 (SIGIO) received
2025/06/22 07:11:04 [notice] 1#1: signal 17 (SIGCHLD) received from 44
2025/06/22 07:11:04 [notice] 1#1: worker process 30 exited with code 0
2025/06/22 07:11:04 [notice] 1#1: worker process 34 exited with code 0
2025/06/22 07:11:04 [notice] 1#1: worker process 38 exited with code 0
2025/06/22 07:11:04 [notice] 1#1: worker process 44 exited with code 0
2025/06/22 07:11:04 [notice] 1#1: signal 29 (SIGIO) received
2025/06/22 07:11:04 [notice] 1#1: signal 17 (SIGCHLD) received from 30
2025/06/22 07:11:04 [notice] 1#1: signal 17 (SIGCHLD) received from 40
2025/06/22 07:11:04 [notice] 1#1: worker process 31 exited with code 0
2025/06/22 07:11:04 [notice] 1#1: worker process 40 exited with code 0
2025/06/22 07:11:04 [notice] 1#1: exit
2025/06/22 07:11:44 [notice] 1#1: using the "epoll" event method
2025/06/22 07:11:44 [notice] 1#1: nginx/1.27.5
2025/06/22 07:11:44 [notice] 1#1: built by gcc 14.2.0 (Alpine 14.2.0) 
2025/06/22 07:11:44 [notice] 1#1: OS: Linux 6.6.87.1-microsoft-standard-WSL2
2025/06/22 07:11:44 [notice] 1#1: getrlimit(RLIMIT_NOFILE): 1048576:1048576
2025/06/22 07:11:44 [notice] 1#1: start worker processes
2025/06/22 07:11:44 [notice] 1#1: start worker process 29
2025/06/22 07:11:44 [notice] 1#1: start worker process 30
2025/06/22 07:11:44 [notice] 1#1: start worker process 31
2025/06/22 07:11:44 [notice] 1#1: start worker process 32
2025/06/22 07:11:44 [notice] 1#1: start worker process 33
2025/06/22 07:11:44 [notice] 1#1: start worker process 34
2025/06/22 07:11:44 [notice] 1#1: start worker process 35
2025/06/22 07:11:44 [notice] 1#1: start worker process 36
2025/06/22 07:11:44 [notice] 1#1: start worker process 37
2025/06/22 07:11:44 [notice] 1#1: start worker process 38
2025/06/22 07:11:44 [notice] 1#1: start worker process 39
2025/06/22 07:11:44 [notice] 1#1: start worker process 40
2025/06/22 07:11:44 [notice] 1#1: start worker process 41
2025/06/22 07:11:44 [notice] 1#1: start worker process 42
2025/06/22 07:11:44 [notice] 1#1: start worker process 43
2025/06/22 07:11:44 [notice] 1#1: start worker process 44
2025/06/22 07:11:57 [error] 29#29: *1 connect() failed (111: Connection refused) while connecting to upstream, client: 172.20.0.1, server: localhost, request: "GET /api/todos HTTP/1.1", upstream: "http://172.20.0.3:3001/api/todos", host: "localhost:81", referrer: "http://localhost:81/"
2025/06/22 07:11:58 [error] 29#29: *1 connect() failed (111: Connection refused) while connecting to upstream, client: 172.20.0.1, server: localhost, request: "GET /api/todos HTTP/1.1", upstream: "http://172.20.0.3:3001/api/todos", host: "localhost:81", referrer: "http://localhost:81/"
2025/06/22 07:12:01 [error] 29#29: *1 connect() failed (111: Connection refused) while connecting to upstream, client: 172.20.0.1, server: localhost, request: "POST /api/todos HTTP/1.1", upstream: "http://172.20.0.3:3001/api/todos", host: "localhost:81", referrer: "http://localhost:81/"
2025/06/22 07:12:05 [error] 29#29: *1 connect() failed (111: Connection refused) while connecting to upstream, client: 172.20.0.1, server: localhost, request: "POST /api/todos HTTP/1.1", upstream: "http://172.20.0.3:3001/api/todos", host: "localhost:81", referrer: "http://localhost:81/"
2025/06/22 07:12:08 [error] 29#29: *1 connect() failed (111: Connection refused) while connecting to upstream, client: 172.20.0.1, server: localhost, request: "POST /api/todos HTTP/1.1", upstream: "http://172.20.0.3:3001/api/todos", host: "localhost:81", referrer: "http://localhost:81/"
2025/06/22 07:12:22 [notice] 1#1: signal 3 (SIGQUIT) received, shutting down
2025/06/22 07:12:22 [notice] 30#30: gracefully shutting down
2025/06/22 07:12:22 [notice] 39#39: gracefully shutting down
2025/06/22 07:12:22 [notice] 32#32: gracefully shutting down
2025/06/22 07:12:22 [notice] 32#32: exiting
2025/06/22 07:12:22 [notice] 29#29: gracefully shutting down
2025/06/22 07:12:22 [notice] 31#31: gracefully shutting down
2025/06/22 07:12:22 [notice] 33#33: gracefully shutting down
2025/06/22 07:12:22 [notice] 34#34: gracefully shutting down
2025/06/22 07:12:22 [notice] 35#35: gracefully shutting down
2025/06/22 07:12:22 [notice] 35#35: exiting
2025/06/22 07:12:22 [notice] 36#36: gracefully shutting down
2025/06/22 07:12:22 [notice] 38#38: gracefully shutting down
2025/06/22 07:12:22 [notice] 37#37: gracefully shutting down
2025/06/22 07:12:22 [notice] 41#41: gracefully shutting down
2025/06/22 07:12:22 [notice] 40#40: gracefully shutting down
2025/06/22 07:12:22 [notice] 40#40: exiting
2025/06/22 07:12:22 [notice] 43#43: gracefully shutting down
2025/06/22 07:12:22 [notice] 42#42: gracefully shutting down
2025/06/22 07:12:22 [notice] 44#44: gracefully shutting down
2025/06/22 07:12:22 [notice] 30#30: exiting
2025/06/22 07:12:22 [notice] 39#39: exiting
2025/06/22 07:12:22 [notice] 32#32: exit
2025/06/22 07:12:22 [notice] 29#29: exiting
2025/06/22 07:12:22 [notice] 31#31: exiting
2025/06/22 07:12:22 [notice] 29#29: exit
2025/06/22 07:12:22 [notice] 33#33: exiting
2025/06/22 07:12:22 [notice] 34#34: exiting
2025/06/22 07:12:22 [notice] 36#36: exiting
2025/06/22 07:12:22 [notice] 35#35: exit
2025/06/22 07:12:22 [notice] 38#38: exiting
2025/06/22 07:12:22 [notice] 37#37: exiting
2025/06/22 07:12:22 [notice] 38#38: exit
2025/06/22 07:12:22 [notice] 41#41: exiting
2025/06/22 07:12:22 [notice] 40#40: exit
2025/06/22 07:12:22 [notice] 43#43: exiting
2025/06/22 07:12:22 [notice] 42#42: exiting
2025/06/22 07:12:22 [notice] 44#44: exiting
2025/06/22 07:12:22 [notice] 30#30: exit
2025/06/22 07:12:22 [notice] 44#44: exit
2025/06/22 07:12:22 [notice] 39#39: exit
2025/06/22 07:12:22 [notice] 31#31: exit
2025/06/22 07:12:22 [notice] 33#33: exit
2025/06/22 07:12:22 [notice] 34#34: exit
2025/06/22 07:12:22 [notice] 36#36: exit
2025/06/22 07:12:22 [notice] 37#37: exit
2025/06/22 07:12:22 [notice] 41#41: exit
2025/06/22 07:12:22 [notice] 43#43: exit
2025/06/22 07:12:22 [notice] 42#42: exit
2025/06/22 07:12:22 [notice] 1#1: signal 17 (SIGCHLD) received from 38
2025/06/22 07:12:22 [notice] 1#1: worker process 29 exited with code 0
2025/06/22 07:12:22 [notice] 1#1: worker process 30 exited with code 0
2025/06/22 07:12:22 [notice] 1#1: worker process 31 exited with code 0
2025/06/22 07:12:22 [notice] 1#1: worker process 38 exited with code 0
2025/06/22 07:12:22 [notice] 1#1: worker process 41 exited with code 0
2025/06/22 07:12:22 [notice] 1#1: signal 29 (SIGIO) received
2025/06/22 07:12:22 [notice] 1#1: signal 17 (SIGCHLD) received from 31
2025/06/22 07:12:22 [notice] 1#1: signal 17 (SIGCHLD) received from 42
2025/06/22 07:12:22 [notice] 1#1: worker process 32 exited with code 0
2025/06/22 07:12:22 [notice] 1#1: worker process 33 exited with code 0
2025/06/22 07:12:22 [notice] 1#1: worker process 34 exited with code 0
2025/06/22 07:12:22 [notice] 1#1: worker process 35 exited with code 0
2025/06/22 07:12:22 [notice] 1#1: worker process 36 exited with code 0
2025/06/22 07:12:22 [notice] 1#1: worker process 37 exited with code 0
2025/06/22 07:12:22 [notice] 1#1: worker process 39 exited with code 0
2025/06/22 07:12:22 [notice] 1#1: worker process 40 exited with code 0
2025/06/22 07:12:22 [notice] 1#1: worker process 42 exited with code 0
2025/06/22 07:12:22 [notice] 1#1: worker process 43 exited with code 0
2025/06/22 07:12:22 [notice] 1#1: worker process 44 exited with code 0
2025/06/22 07:12:22 [notice] 1#1: exit
2025/06/22 07:13:19 [notice] 1#1: using the "epoll" event method
2025/06/22 07:13:19 [notice] 1#1: nginx/1.27.5
2025/06/22 07:13:19 [notice] 1#1: built by gcc 14.2.0 (Alpine 14.2.0) 
2025/06/22 07:13:19 [notice] 1#1: OS: Linux 6.6.87.1-microsoft-standard-WSL2
2025/06/22 07:13:19 [notice] 1#1: getrlimit(RLIMIT_NOFILE): 1048576:1048576
2025/06/22 07:13:19 [notice] 1#1: start worker processes
2025/06/22 07:13:19 [notice] 1#1: start worker process 29
2025/06/22 07:13:19 [notice] 1#1: start worker process 30
2025/06/22 07:13:19 [notice] 1#1: start worker process 31
2025/06/22 07:13:19 [notice] 1#1: start worker process 32
2025/06/22 07:13:19 [notice] 1#1: start worker process 33
2025/06/22 07:13:19 [notice] 1#1: start worker process 34
2025/06/22 07:13:19 [notice] 1#1: start worker process 35
2025/06/22 07:13:19 [notice] 1#1: start worker process 36
2025/06/22 07:13:19 [notice] 1#1: start worker process 37
2025/06/22 07:13:19 [notice] 1#1: start worker process 38
2025/06/22 07:13:19 [notice] 1#1: start worker process 39
2025/06/22 07:13:19 [notice] 1#1: start worker process 40
2025/06/22 07:13:19 [notice] 1#1: start worker process 41
2025/06/22 07:13:19 [notice] 1#1: start worker process 42
2025/06/22 07:13:19 [notice] 1#1: start worker process 43
2025/06/22 07:13:19 [notice] 1#1: start worker process 44
